<?xml version="1.0" encoding="UTF-8"?>
<testng-results ignored="0" total="1" passed="1" failed="0" skipped="0">
  <reporter-output>
  </reporter-output>
  <suite started-at="2023-04-19T12:42:52 IST" name="Default suite" finished-at="2023-04-19T12:44:13 IST" duration-ms="80820">
    <groups>
    </groups>
    <test started-at="2023-04-19T12:42:52 IST" name="Default test" finished-at="2023-04-19T12:44:13 IST" duration-ms="80820">
      <class name="cc2.PART_B">
        <test-method signature="f()[pri:0, instance:cc2.PART_B@5a45133e]" started-at="2023-04-19T12:42:52 IST" name="f" finished-at="2023-04-19T12:44:13 IST" duration-ms="80750" status="PASS">
          <reporter-output>
          </reporter-output>
        </test-method> <!-- f -->
      </class> <!-- cc2.PART_B -->
    </test> <!-- Default test -->
  </suite> <!-- Default suite -->
</testng-results>
